<?xml version="1.0" encoding="UTF-8"?>
<!-- Generated by org.testng.reporters.JUnitReportReporter -->
<testsuite hostname="LAPTOP-96DAR4HK" failures="0" tests="1" name="com.Amazon.AppTest" time="5.472" errors="0" timestamp="2020-11-03T11:11:25 IST" skipped="0">
  <testcase classname="com.Amazon.AppTest" name="Login" time="5.472"/>
  <system-out/>
</testsuite> <!-- com.Amazon.AppTest -->
